Arguments: 
  C:\node67\node.exe C:\Program Files (x86)\Yarn\bin\yarn.js

PATH: 
  C:\Program Files (x86)\Blue Coat\ProxyClient\;C:\oraclexe\app\oracle\product\11.2.0\server\bin;C:\app\thomas.sauvajon\product\11.2.0\client_1\bin;C:\ProgramData\Oracle\Java\javapath;C:\Windows\system32;C:\Windows;C:\Windows\System32\Wbem;C:\Program Files (x86)\QuickTime\QTSystem\;C:\Program Files (x86)\Blue Coat\ProxyClient\;C:\Program Files\TortoiseSVN\bin;C:\Program Files\Microsoft SQL Server\120\Tools\Binn\;C:\Program Files (x86)\Microsoft SQL Server\110\Tools\Binn\;C:\Program Files\Microsoft SQL Server\110\Tools\Binn\;C:\Program Files\Microsoft SQL Server\110\DTS\Binn\;C:\Program Files (x86)\Microsoft SQL Server\Client SDK\ODBC\130\Tools\Binn\;C:\Program Files (x86)\Microsoft SQL Server\130\Tools\Binn\;C:\Program Files (x86)\Microsoft SQL Server\130\DTS\Binn\;C:\Program Files (x86)\Microsoft SQL Server\130\Tools\Binn\ManagementStudio\;C:\Program Files\Microsoft SQL Server\130\Tools\Binn\;C:\Program Files\dotnet\;C:\Program Files\TortoiseGit\bin;C:\Windows\System32\WindowsPowerShell\v1.0\;C:\Program Files (x86)\Yarn\bin;C:\node67\;C:\Program Files\Git\cmd;C:\Program Files (x86)\Microsoft VS Code\bin;C:\Program Files\Docker Toolbox;C:\Users\thomas.sauvajon\AppData\Local\atom\bin;C:\Users\thomas.sauvajon\AppData\Local\.meteor\;C:\Users\thomas.sauvajon\AppData\Local\Yarn\.bin;C:\Users\thomas.sauvajon\AppData\Roaming\npm;c:\Program Files (x86)\Yarn\bin;C:\Program Files\Heroku\bin;.;

Yarn version: 
  0.20.3

Node version: 
  6.10.0

Platform: 
  win32 x64

npm manifest: 
  {
    "name": "todo-list",
    "version": "0.1.0",
    "private": true,
    "devDependencies": {
      "react-scripts": "0.8.5"
    },
    "dependencies": {
      "react": "^15.4.2",
      "react-dom": "^15.4.2"
    },
    "scripts": {
      "start": "react-scripts start",
      "build": "react-scripts build",
      "test": "react-scripts test --env=jsdom",
      "eject": "react-scripts eject"
    },
    "description": "React/Redux todo list app",
    "main": "index.js",
    "repository": "https://github.com/tsauvajon/todo-list",
    "author": "Thomas SAUVAJON <thomas.sauvajon@gmail.com>",
    "license": "MIT"
  }

yarn manifest: 
  No manifest

Lockfile: 
  # THIS IS AN AUTOGENERATED FILE. DO NOT EDIT THIS FILE DIRECTLY.
  # yarn lockfile v1

Trace: 
  Error: connect ETIMEDOUT 104.16.59.173:443
      at Object.exports._errnoException (util.js:1022:11)
      at exports._exceptionWithHostPort (util.js:1045:20)
      at TCPConnectWrap.afterConnect [as oncomplete] (net.js:1087:14)
